<?xml version="1.0" encoding="UTF-8"?>
<!-- Generated by org.testng.reporters.JUnitXMLReporter -->
<testsuite ignored="1" hostname="IN-2KFZ9K3" failures="0" tests="3" name="Free CRM App Test Cases" time="36.932" errors="0" timestamp="12 Jan 2023 18:03:43 GMT">
  <testcase classname="com.crm.qa.testcases.LoginPageTest" name="loginTest" time="2.135"/>
  <testcase classname="com.crm.qa.testcases.LoginPageTest" name="loginTest" time="2.148"/>
  <testcase classname="com.crm.qa.testcases.LoginPageTest" name="loginTest" time="2.185"/>
  <testcase classname="com.crm.qa.testcases.LoginPageTest" name="loginPageTitleTest" time="0.0">
    <ignored/>
  </testcase> <!-- loginPageTitleTest -->
</testsuite> <!-- Free CRM App Test Cases -->
