<?xml version="1.0" encoding="UTF-8"?>
<testng-results ignored="0" total="2" passed="2" failed="0" skipped="0">
  <reporter-output>
  </reporter-output>
  <suite started-at="2023-01-12T17:16:39Z" name="FREE CRM Application Test Automation Test Suite" finished-at="2023-01-12T17:17:01Z" duration-ms="21847">
    <groups>
    </groups>
    <test started-at="2023-01-12T17:16:39Z" name="Free CRM App Test Cases" finished-at="2023-01-12T17:17:01Z" duration-ms="21847">
      <class name="com.crm.qa.testcases.LoginPageTest">
        <test-method is-config="true" signature="setup()[pri:0, instance:com.crm.qa.testcases.LoginPageTest@291b4bf5]" started-at="2023-01-12T22:46:39Z" name="setup" finished-at="2023-01-12T22:46:48Z" duration-ms="8389" status="PASS">
          <reporter-output>
          </reporter-output>
        </test-method> <!-- setup -->
        <test-method signature="loginPageTitleTest()[pri:0, instance:com.crm.qa.testcases.LoginPageTest@291b4bf5]" started-at="2023-01-12T22:46:48Z" name="loginPageTitleTest" finished-at="2023-01-12T22:46:48Z" duration-ms="21" status="PASS">
          <reporter-output>
          </reporter-output>
        </test-method> <!-- loginPageTitleTest -->
        <test-method is-config="true" signature="tearDown()[pri:0, instance:com.crm.qa.testcases.LoginPageTest@291b4bf5]" started-at="2023-01-12T22:46:48Z" name="tearDown" finished-at="2023-01-12T22:46:49Z" duration-ms="1000" status="PASS">
          <reporter-output>
          </reporter-output>
        </test-method> <!-- tearDown -->
        <test-method is-config="true" signature="setup()[pri:0, instance:com.crm.qa.testcases.LoginPageTest@291b4bf5]" started-at="2023-01-12T22:46:49Z" name="setup" finished-at="2023-01-12T22:46:57Z" duration-ms="8628" status="PASS">
          <reporter-output>
          </reporter-output>
        </test-method> <!-- setup -->
        <test-method signature="loginTest()[pri:0, instance:com.crm.qa.testcases.LoginPageTest@291b4bf5]" started-at="2023-01-12T22:46:57Z" name="loginTest" finished-at="2023-01-12T22:47:00Z" duration-ms="2777" status="PASS">
          <reporter-output>
          </reporter-output>
        </test-method> <!-- loginTest -->
        <test-method is-config="true" signature="tearDown()[pri:0, instance:com.crm.qa.testcases.LoginPageTest@291b4bf5]" started-at="2023-01-12T22:47:00Z" name="tearDown" finished-at="2023-01-12T22:47:01Z" duration-ms="1008" status="PASS">
          <reporter-output>
          </reporter-output>
        </test-method> <!-- tearDown -->
      </class> <!-- com.crm.qa.testcases.LoginPageTest -->
    </test> <!-- Free CRM App Test Cases -->
  </suite> <!-- FREE CRM Application Test Automation Test Suite -->
</testng-results>
