<?xml version="1.0" encoding="UTF-8"?>
<testng-results ignored="1" total="4" passed="3" failed="0" skipped="0">
  <reporter-output>
  </reporter-output>
  <suite started-at="2023-01-12T18:03:06Z" name="FREE CRM Application Test Automation Test Suite" finished-at="2023-01-12T18:03:43Z" duration-ms="36932">
    <groups>
    </groups>
    <test started-at="2023-01-12T18:03:06Z" name="Free CRM App Test Cases" finished-at="2023-01-12T18:03:43Z" duration-ms="36932">
      <class name="com.crm.qa.testcases.LoginPageTest">
        <test-method is-config="true" signature="setup()[pri:0, instance:com.crm.qa.testcases.LoginPageTest@6db9f5a4]" started-at="2023-01-12T23:33:07Z" name="setup" finished-at="2023-01-12T23:33:17Z" duration-ms="10648" status="PASS">
          <reporter-output>
          </reporter-output>
        </test-method> <!-- setup -->
        <test-method signature="loginTest(java.lang.String, java.lang.String)[pri:0, instance:com.crm.qa.testcases.LoginPageTest@6db9f5a4]" started-at="2023-01-12T23:33:17Z" name="loginTest" data-provider="getLoginDetails" finished-at="2023-01-12T23:33:19Z" duration-ms="2135" status="PASS">
          <params>
            <param index="0">
              <value>
                <![CDATA[ajayverma]]>
              </value>
            </param>
            <param index="1">
              <value>
                <![CDATA[test@123]]>
              </value>
            </param>
          </params>
          <reporter-output>
          </reporter-output>
        </test-method> <!-- loginTest -->
        <test-method is-config="true" signature="tearDown()[pri:0, instance:com.crm.qa.testcases.LoginPageTest@6db9f5a4]" started-at="2023-01-12T23:33:19Z" name="tearDown" finished-at="2023-01-12T23:33:21Z" duration-ms="1139" status="PASS">
          <reporter-output>
          </reporter-output>
        </test-method> <!-- tearDown -->
        <test-method is-config="true" signature="setup()[pri:0, instance:com.crm.qa.testcases.LoginPageTest@6db9f5a4]" started-at="2023-01-12T23:33:21Z" name="setup" finished-at="2023-01-12T23:33:28Z" duration-ms="7355" status="PASS">
          <reporter-output>
          </reporter-output>
        </test-method> <!-- setup -->
        <test-method signature="loginTest(java.lang.String, java.lang.String)[pri:0, instance:com.crm.qa.testcases.LoginPageTest@6db9f5a4]" started-at="2023-01-12T23:33:28Z" name="loginTest" data-provider="getLoginDetails" finished-at="2023-01-12T23:33:30Z" duration-ms="2148" status="PASS">
          <params>
            <param index="0">
              <value>
                <![CDATA[naveenk]]>
              </value>
            </param>
            <param index="1">
              <value>
                <![CDATA[test@123]]>
              </value>
            </param>
          </params>
          <reporter-output>
          </reporter-output>
        </test-method> <!-- loginTest -->
        <test-method is-config="true" signature="tearDown()[pri:0, instance:com.crm.qa.testcases.LoginPageTest@6db9f5a4]" started-at="2023-01-12T23:33:30Z" name="tearDown" finished-at="2023-01-12T23:33:31Z" duration-ms="1236" status="PASS">
          <reporter-output>
          </reporter-output>
        </test-method> <!-- tearDown -->
        <test-method is-config="true" signature="setup()[pri:0, instance:com.crm.qa.testcases.LoginPageTest@6db9f5a4]" started-at="2023-01-12T23:33:31Z" name="setup" finished-at="2023-01-12T23:33:40Z" duration-ms="8324" status="PASS">
          <reporter-output>
          </reporter-output>
        </test-method> <!-- setup -->
        <test-method signature="loginTest(java.lang.String, java.lang.String)[pri:0, instance:com.crm.qa.testcases.LoginPageTest@6db9f5a4]" started-at="2023-01-12T23:33:40Z" name="loginTest" data-provider="getLoginDetails" finished-at="2023-01-12T23:33:42Z" duration-ms="2185" status="PASS">
          <params>
            <param index="0">
              <value>
                <![CDATA[pverma]]>
              </value>
            </param>
            <param index="1">
              <value>
                <![CDATA[test@123]]>
              </value>
            </param>
          </params>
          <reporter-output>
          </reporter-output>
        </test-method> <!-- loginTest -->
        <test-method is-config="true" signature="tearDown()[pri:0, instance:com.crm.qa.testcases.LoginPageTest@6db9f5a4]" started-at="2023-01-12T23:33:42Z" name="tearDown" finished-at="2023-01-12T23:33:43Z" duration-ms="1087" status="PASS">
          <reporter-output>
          </reporter-output>
        </test-method> <!-- tearDown -->
      </class> <!-- com.crm.qa.testcases.LoginPageTest -->
    </test> <!-- Free CRM App Test Cases -->
  </suite> <!-- FREE CRM Application Test Automation Test Suite -->
</testng-results>
